<?xml version="1.0" encoding="UTF-8"?>
<!-- Generated by org.testng.reporters.JUnitReportReporter -->
<testsuite hostname="Admin-PC" name="tests.NewTest" tests="1" failures="0" timestamp="19 Jun 2014 07:17:22 GMT" time="0.024" errors="0">
  <testcase name="f" time="0.024" classname="tests.NewTest"/>
</testsuite> <!-- tests.NewTest -->
