<?xml version="1.0" encoding="UTF-8"?>
<!-- Generated by org.testng.reporters.JUnitReportReporter -->
<testsuite hostname="Admin-PC" name="test.StrGenTest" tests="1" failures="0" timestamp="19 Jun 2014 07:46:03 GMT" time="0.024" errors="0">
  <testcase name="f" time="0.024" classname="test.StrGenTest"/>
</testsuite> <!-- test.StrGenTest -->
