<?xml version="1.0" encoding="UTF-8"?>
<!-- Generated by org.testng.reporters.JUnitReportReporter -->
<testsuite hostname="Admin-PC" name="test.MainTest" tests="1" failures="0" timestamp="19 Jun 2014 07:42:31 GMT" time="6.691" errors="0">
  <testcase name="f" time="6.691" classname="test.MainTest"/>
</testsuite> <!-- test.MainTest -->
