<?xml version="1.0" encoding="UTF-8"?>
<!-- Generated by org.testng.reporters.JUnitReportReporter -->
<testsuite hostname="Admin-PC" name="test.FindCenterTest" tests="1" failures="0" timestamp="19 Jun 2014 08:11:41 GMT" time="0.027" errors="0">
  <testcase name="TestFindCenterOfArray" time="0.027" classname="test.FindCenterTest"/>
</testsuite> <!-- test.FindCenterTest -->
