<?xml version="1.0" encoding="UTF-8"?>
<!-- Generated by org.testng.reporters.JUnitReportReporter -->
<testsuite hostname="Admin-PC" name="test.NewTest" tests="1" failures="0" timestamp="19 Jun 2014 07:23:20 GMT" time="0.024" errors="0">
  <testcase name="f" time="0.024" classname="test.NewTest"/>
</testsuite> <!-- test.NewTest -->
