<?xml version="1.0" encoding="UTF-8"?>
<!-- Generated by org.testng.reporters.JUnitReportReporter -->
<testsuite hostname="Admin-PC" name="test.MethodsArrayTest" tests="3" failures="0" timestamp="19 Jun 2014 07:56:52 GMT" time="0.030" errors="0">
  <testcase name="CheckGetSum" time="0.024" classname="test.MethodsArrayTest"/>
  <testcase name="CheckPrint" time="0.003" classname="test.MethodsArrayTest"/>
  <testcase name="CheckMin" time="0.003" classname="test.MethodsArrayTest"/>
</testsuite> <!-- test.MethodsArrayTest -->
