<?xml version="1.0" encoding="UTF-8"?>
<!-- Generated by org.testng.reporters.JUnitReportReporter -->
<testsuite hostname="Admin-PC" name="test.BesenTest" tests="1" failures="0" timestamp="19 Jun 2014 08:19:33 GMT" time="0.026" errors="0">
  <testcase name="TestWordGen" time="0.026" classname="test.BesenTest"/>
</testsuite> <!-- test.BesenTest -->
